2023-08-17T23:42:26.931+08:00  INFO 8644 --- [SpringApplicationShutdownHook] com.alibaba.druid.pool.DruidDataSource   : {dataSource-0} closing ...
2023-08-17T23:42:32.594+08:00  INFO 5336 --- [main] com.itgt.SSMPApplication                 : Starting SSMPApplication using Java 17.0.8 with PID 5336 (G:\项目\SpringBootLearn\springboot_10_cache\target\classes started by Q in G:\项目\SpringBootLearn\springboot_10_cache)
2023-08-17T23:42:32.597+08:00  INFO 5336 --- [main] com.itgt.SSMPApplication                 : The following 1 profile is active: "dev"
2023-08-17T23:42:34.003+08:00  INFO 5336 --- [main] o.s.b.w.embedded.tomcat.TomcatWebServer  : Tomcat initialized with port(s): 80 (http)
2023-08-17T23:42:34.017+08:00  INFO 5336 --- [main] o.apache.catalina.core.StandardService   : Starting service [Tomcat]
2023-08-17T23:42:34.019+08:00  INFO 5336 --- [main] o.apache.catalina.core.StandardEngine    : Starting Servlet engine: [Apache Tomcat/10.1.11]
2023-08-17T23:42:34.142+08:00  INFO 5336 --- [main] o.a.c.c.C.[Tomcat].[localhost].[/]       : Initializing Spring embedded WebApplicationContext
2023-08-17T23:42:34.143+08:00  INFO 5336 --- [main] w.s.c.ServletWebServerApplicationContext : Root WebApplicationContext: initialization completed in 1486 ms
2023-08-17T23:42:35.261+08:00  INFO 5336 --- [main] o.s.b.w.embedded.tomcat.TomcatWebServer  : Tomcat started on port(s): 80 (http) with context path ''
2023-08-17T23:42:35.279+08:00  INFO 5336 --- [main] com.itgt.SSMPApplication                 : Started SSMPApplication in 3.321 seconds (process running for 4.166)
2023-08-17T23:43:31.836+08:00  INFO 5336 --- [http-nio-80-exec-2] o.a.c.c.C.[Tomcat].[localhost].[/]       : Initializing Spring DispatcherServlet 'dispatcherServlet'
2023-08-17T23:43:31.836+08:00  INFO 5336 --- [http-nio-80-exec-2] o.s.web.servlet.DispatcherServlet        : Initializing Servlet 'dispatcherServlet'
2023-08-17T23:43:31.838+08:00  INFO 5336 --- [http-nio-80-exec-2] o.s.web.servlet.DispatcherServlet        : Completed initialization in 1 ms
2023-08-17T23:44:50.548+08:00  INFO 5336 --- [SpringApplicationShutdownHook] com.alibaba.druid.pool.DruidDataSource   : {dataSource-0} closing ...
2023-08-17T23:44:57.362+08:00  INFO 14244 --- [main] com.itgt.SSMPApplication                 : Starting SSMPApplication using Java 17.0.8 with PID 14244 (G:\项目\SpringBootLearn\springboot_10_cache\target\classes started by Q in G:\项目\SpringBootLearn\springboot_10_cache)
2023-08-17T23:44:57.366+08:00  INFO 14244 --- [main] com.itgt.SSMPApplication                 : The following 1 profile is active: "dev"
2023-08-17T23:44:58.837+08:00  INFO 14244 --- [main] o.s.b.w.embedded.tomcat.TomcatWebServer  : Tomcat initialized with port(s): 80 (http)
2023-08-17T23:44:58.853+08:00  INFO 14244 --- [main] o.apache.catalina.core.StandardService   : Starting service [Tomcat]
2023-08-17T23:44:58.854+08:00  INFO 14244 --- [main] o.apache.catalina.core.StandardEngine    : Starting Servlet engine: [Apache Tomcat/10.1.11]
2023-08-17T23:44:58.996+08:00  INFO 14244 --- [main] o.a.c.c.C.[Tomcat].[localhost].[/]       : Initializing Spring embedded WebApplicationContext
2023-08-17T23:44:58.996+08:00  INFO 14244 --- [main] w.s.c.ServletWebServerApplicationContext : Root WebApplicationContext: initialization completed in 1566 ms
2023-08-17T23:45:00.214+08:00  INFO 14244 --- [main] o.s.b.w.embedded.tomcat.TomcatWebServer  : Tomcat started on port(s): 80 (http) with context path ''
2023-08-17T23:45:00.228+08:00  INFO 14244 --- [main] com.itgt.SSMPApplication                 : Started SSMPApplication in 3.547 seconds (process running for 4.433)
2023-08-17T23:46:14.599+08:00  INFO 14244 --- [SpringApplicationShutdownHook] com.alibaba.druid.pool.DruidDataSource   : {dataSource-0} closing ...
