2023-08-17T23:42:26.931+08:00  INFO 8644 --- [SpringApplicationShutdownHook] com.alibaba.druid.pool.DruidDataSource   : {dataSource-0} closing ...
2023-08-17T23:42:32.594+08:00  INFO 5336 --- [main] com.itgt.SSMPApplication                 : Starting SSMPApplication using Java 17.0.8 with PID 5336 (G:\项目\SpringBootLearn\springboot_10_cache\target\classes started by Q in G:\项目\SpringBootLearn\springboot_10_cache)
2023-08-17T23:42:32.597+08:00  INFO 5336 --- [main] com.itgt.SSMPApplication                 : The following 1 profile is active: "dev"
2023-08-17T23:42:34.003+08:00  INFO 5336 --- [main] o.s.b.w.embedded.tomcat.TomcatWebServer  : Tomcat initialized with port(s): 80 (http)
2023-08-17T23:42:34.017+08:00  INFO 5336 --- [main] o.apache.catalina.core.StandardService   : Starting service [Tomcat]
2023-08-17T23:42:34.019+08:00  INFO 5336 --- [main] o.apache.catalina.core.StandardEngine    : Starting Servlet engine: [Apache Tomcat/10.1.11]
2023-08-17T23:42:34.142+08:00  INFO 5336 --- [main] o.a.c.c.C.[Tomcat].[localhost].[/]       : Initializing Spring embedded WebApplicationContext
2023-08-17T23:42:34.143+08:00  INFO 5336 --- [main] w.s.c.ServletWebServerApplicationContext : Root WebApplicationContext: initialization completed in 1486 ms
2023-08-17T23:42:35.261+08:00  INFO 5336 --- [main] o.s.b.w.embedded.tomcat.TomcatWebServer  : Tomcat started on port(s): 80 (http) with context path ''
2023-08-17T23:42:35.279+08:00  INFO 5336 --- [main] com.itgt.SSMPApplication                 : Started SSMPApplication in 3.321 seconds (process running for 4.166)
2023-08-17T23:43:31.836+08:00  INFO 5336 --- [http-nio-80-exec-2] o.a.c.c.C.[Tomcat].[localhost].[/]       : Initializing Spring DispatcherServlet 'dispatcherServlet'
2023-08-17T23:43:31.836+08:00  INFO 5336 --- [http-nio-80-exec-2] o.s.web.servlet.DispatcherServlet        : Initializing Servlet 'dispatcherServlet'
2023-08-17T23:43:31.838+08:00  INFO 5336 --- [http-nio-80-exec-2] o.s.web.servlet.DispatcherServlet        : Completed initialization in 1 ms
2023-08-17T23:44:50.548+08:00  INFO 5336 --- [SpringApplicationShutdownHook] com.alibaba.druid.pool.DruidDataSource   : {dataSource-0} closing ...
2023-08-17T23:44:57.362+08:00  INFO 14244 --- [main] com.itgt.SSMPApplication                 : Starting SSMPApplication using Java 17.0.8 with PID 14244 (G:\项目\SpringBootLearn\springboot_10_cache\target\classes started by Q in G:\项目\SpringBootLearn\springboot_10_cache)
2023-08-17T23:44:57.366+08:00  INFO 14244 --- [main] com.itgt.SSMPApplication                 : The following 1 profile is active: "dev"
2023-08-17T23:44:58.837+08:00  INFO 14244 --- [main] o.s.b.w.embedded.tomcat.TomcatWebServer  : Tomcat initialized with port(s): 80 (http)
2023-08-17T23:44:58.853+08:00  INFO 14244 --- [main] o.apache.catalina.core.StandardService   : Starting service [Tomcat]
2023-08-17T23:44:58.854+08:00  INFO 14244 --- [main] o.apache.catalina.core.StandardEngine    : Starting Servlet engine: [Apache Tomcat/10.1.11]
2023-08-17T23:44:58.996+08:00  INFO 14244 --- [main] o.a.c.c.C.[Tomcat].[localhost].[/]       : Initializing Spring embedded WebApplicationContext
2023-08-17T23:44:58.996+08:00  INFO 14244 --- [main] w.s.c.ServletWebServerApplicationContext : Root WebApplicationContext: initialization completed in 1566 ms
2023-08-17T23:45:00.214+08:00  INFO 14244 --- [main] o.s.b.w.embedded.tomcat.TomcatWebServer  : Tomcat started on port(s): 80 (http) with context path ''
2023-08-17T23:45:00.228+08:00  INFO 14244 --- [main] com.itgt.SSMPApplication                 : Started SSMPApplication in 3.547 seconds (process running for 4.433)
2023-08-17T23:46:14.599+08:00  INFO 14244 --- [SpringApplicationShutdownHook] com.alibaba.druid.pool.DruidDataSource   : {dataSource-0} closing ...
2023-08-18T22:22:28.719+08:00  INFO 17528 --- [main] com.itgt.SSMPApplication                 : Starting SSMPApplication using Java 17.0.8 with PID 17528 (G:\项目\SpringBootLearn\springboot_10_cache\target\classes started by Q in G:\项目\SpringBootLearn\springboot_10_cache)
2023-08-18T22:22:28.728+08:00  INFO 17528 --- [main] com.itgt.SSMPApplication                 : The following 1 profile is active: "dev"
2023-08-18T22:22:30.583+08:00  INFO 17528 --- [main] o.s.b.w.embedded.tomcat.TomcatWebServer  : Tomcat initialized with port(s): 80 (http)
2023-08-18T22:22:30.601+08:00  INFO 17528 --- [main] o.apache.catalina.core.StandardService   : Starting service [Tomcat]
2023-08-18T22:22:30.601+08:00  INFO 17528 --- [main] o.apache.catalina.core.StandardEngine    : Starting Servlet engine: [Apache Tomcat/10.1.11]
2023-08-18T22:22:30.739+08:00  INFO 17528 --- [main] o.a.c.c.C.[Tomcat].[localhost].[/]       : Initializing Spring embedded WebApplicationContext
2023-08-18T22:22:30.741+08:00  INFO 17528 --- [main] w.s.c.ServletWebServerApplicationContext : Root WebApplicationContext: initialization completed in 1942 ms
2023-08-18T22:22:32.032+08:00  WARN 17528 --- [main] ConfigServletWebServerApplicationContext : Exception encountered during context initialization - cancelling refresh attempt: org.springframework.beans.factory.UnsatisfiedDependencyException: Error creating bean with name 'cacheAutoConfigurationValidator' defined in class path resource [org/springframework/boot/autoconfigure/cache/CacheAutoConfiguration.class]: Unsatisfied dependency expressed through method 'cacheAutoConfigurationValidator' parameter 0: Error creating bean with name 'spring.cache-org.springframework.boot.autoconfigure.cache.CacheProperties': Could not bind properties to 'CacheProperties' : prefix=spring.cache, ignoreInvalidFields=false, ignoreUnknownFields=true
2023-08-18T22:22:32.035+08:00  INFO 17528 --- [main] com.alibaba.druid.pool.DruidDataSource   : {dataSource-0} closing ...
2023-08-18T22:22:32.039+08:00  INFO 17528 --- [main] o.apache.catalina.core.StandardService   : Stopping service [Tomcat]
2023-08-18T22:22:32.105+08:00  INFO 17528 --- [main] .s.b.a.l.ConditionEvaluationReportLogger : 

Error starting ApplicationContext. To display the condition evaluation report re-run your application with 'debug' enabled.
2023-08-18T22:22:32.143+08:00 ERROR 17528 --- [main] o.s.b.d.LoggingFailureAnalysisReporter   : 

***************************
APPLICATION FAILED TO START
***************************

Description:

Failed to bind properties under 'spring.cache.type' to org.springframework.boot.autoconfigure.cache.CacheType:

    Property: spring.cache.type
    Value: "ehcache"
    Origin: class path resource [application.yml] - 10:11
    Reason: failed to convert java.lang.String to org.springframework.boot.autoconfigure.cache.CacheType (caused by java.lang.IllegalArgumentException: No enum constant org.springframework.boot.autoconfigure.cache.CacheType.ehcache)

Action:

Update your application's configuration. The following values are valid:

    CACHE2K
    CAFFEINE
    COUCHBASE
    GENERIC
    HAZELCAST
    INFINISPAN
    JCACHE
    NONE
    REDIS
    SIMPLE

