2023-08-17T22:31:47.244+08:00  INFO 13984 --- [main] com.itgt.SSMPApplication                 : Starting SSMPApplication using Java 17.0.8 with PID 13984 (G:\项目\SpringBootLearn\springboot_10_cache\target\classes started by Q in G:\项目\SpringBootLearn\springboot_10_cache)
2023-08-17T22:31:47.247+08:00  INFO 13984 --- [main] com.itgt.SSMPApplication                 : The following 1 profile is active: "dev"
2023-08-17T22:31:48.778+08:00  INFO 13984 --- [main] o.s.b.w.embedded.tomcat.TomcatWebServer  : Tomcat initialized with port(s): 80 (http)
2023-08-17T22:31:48.793+08:00  INFO 13984 --- [main] o.apache.catalina.core.StandardService   : Starting service [Tomcat]
2023-08-17T22:31:48.793+08:00  INFO 13984 --- [main] o.apache.catalina.core.StandardEngine    : Starting Servlet engine: [Apache Tomcat/10.1.11]
2023-08-17T22:31:48.905+08:00  INFO 13984 --- [main] o.a.c.c.C.[Tomcat].[localhost].[/]       : Initializing Spring embedded WebApplicationContext
2023-08-17T22:31:48.907+08:00  INFO 13984 --- [main] w.s.c.ServletWebServerApplicationContext : Root WebApplicationContext: initialization completed in 1572 ms
2023-08-17T22:31:50.108+08:00  INFO 13984 --- [main] o.s.b.w.embedded.tomcat.TomcatWebServer  : Tomcat started on port(s): 80 (http) with context path ''
2023-08-17T22:31:50.120+08:00  INFO 13984 --- [main] com.itgt.SSMPApplication                 : Started SSMPApplication in 3.822 seconds (process running for 4.977)
2023-08-17T22:32:22.264+08:00  INFO 13984 --- [http-nio-80-exec-1] o.a.c.c.C.[Tomcat].[localhost].[/]       : Initializing Spring DispatcherServlet 'dispatcherServlet'
2023-08-17T22:32:22.265+08:00  INFO 13984 --- [http-nio-80-exec-1] o.s.web.servlet.DispatcherServlet        : Initializing Servlet 'dispatcherServlet'
2023-08-17T22:32:22.266+08:00  INFO 13984 --- [http-nio-80-exec-1] o.s.web.servlet.DispatcherServlet        : Completed initialization in 1 ms
2023-08-17T22:32:51.717+08:00  INFO 13984 --- [http-nio-80-exec-3] com.alibaba.druid.pool.DruidDataSource   : {dataSource-1} inited
2023-08-17T23:01:51.462+08:00  INFO 13984 --- [SpringApplicationShutdownHook] com.alibaba.druid.pool.DruidDataSource   : {dataSource-1} closing ...
2023-08-17T23:01:51.468+08:00  INFO 13984 --- [SpringApplicationShutdownHook] com.alibaba.druid.pool.DruidDataSource   : {dataSource-1} closed
2023-08-17T23:02:46.372+08:00  INFO 16360 --- [main] com.itgt.SSMPApplication                 : Starting SSMPApplication using Java 17.0.8 with PID 16360 (G:\项目\SpringBootLearn\springboot_10_cache\target\classes started by Q in G:\项目\SpringBootLearn\springboot_10_cache)
2023-08-17T23:02:46.374+08:00  INFO 16360 --- [main] com.itgt.SSMPApplication                 : The following 1 profile is active: "dev"
2023-08-17T23:02:47.751+08:00  INFO 16360 --- [main] o.s.b.w.embedded.tomcat.TomcatWebServer  : Tomcat initialized with port(s): 80 (http)
2023-08-17T23:02:47.762+08:00  INFO 16360 --- [main] o.apache.catalina.core.StandardService   : Starting service [Tomcat]
2023-08-17T23:02:47.762+08:00  INFO 16360 --- [main] o.apache.catalina.core.StandardEngine    : Starting Servlet engine: [Apache Tomcat/10.1.11]
2023-08-17T23:02:47.891+08:00  INFO 16360 --- [main] o.a.c.c.C.[Tomcat].[localhost].[/]       : Initializing Spring embedded WebApplicationContext
2023-08-17T23:02:47.891+08:00  INFO 16360 --- [main] w.s.c.ServletWebServerApplicationContext : Root WebApplicationContext: initialization completed in 1450 ms
2023-08-17T23:02:48.962+08:00  INFO 16360 --- [main] o.s.b.w.embedded.tomcat.TomcatWebServer  : Tomcat started on port(s): 80 (http) with context path ''
2023-08-17T23:02:48.976+08:00  INFO 16360 --- [main] com.itgt.SSMPApplication                 : Started SSMPApplication in 3.297 seconds (process running for 4.234)
2023-08-17T23:03:07.169+08:00  INFO 16360 --- [http-nio-80-exec-1] o.a.c.c.C.[Tomcat].[localhost].[/]       : Initializing Spring DispatcherServlet 'dispatcherServlet'
2023-08-17T23:03:07.169+08:00  INFO 16360 --- [http-nio-80-exec-1] o.s.web.servlet.DispatcherServlet        : Initializing Servlet 'dispatcherServlet'
2023-08-17T23:03:07.170+08:00  INFO 16360 --- [http-nio-80-exec-1] o.s.web.servlet.DispatcherServlet        : Completed initialization in 1 ms
